2019/03/08 08:10:24 [INFO] Terraform version: 0.11.11  ac4fff416318bf0915a0ab80e062a99ef3724334
2019/03/08 08:10:24 [INFO] Go runtime version: go1.11.1
2019/03/08 08:10:24 [INFO] CLI args: []string{"/bin/terraform", "apply"}
2019/03/08 08:10:24 [DEBUG] Attempting to open CLI config file: /root/.terraformrc
2019/03/08 08:10:24 [DEBUG] File doesn't exist, but doesn't need to. Ignoring.
2019/03/08 08:10:24 [INFO] CLI command args: []string{"apply"}
2019/03/08 08:10:24 [INFO] command: empty terraform config, returning nil
2019/03/08 08:10:24 [DEBUG] command: no data state file found for backend config
2019/03/08 08:10:24 [DEBUG] New state was assigned lineage "6e43a6e0-f3d7-aac5-f49e-15701a88c8cd"
2019/03/08 08:10:24 [INFO] command: backend initialized: <nil>
2019/03/08 08:10:24 [DEBUG] checking for provider in "/go/src/github.com/coolomina/terraform_plugin_dkronjob/terraform/plugins"
2019/03/08 08:10:24 [WARN] found legacy provider "terraform-provider-dkronjob"
2019/03/08 08:10:24 [DEBUG] found valid plugin: "dkronjob", "0.0.0", "/go/src/github.com/coolomina/terraform_plugin_dkronjob/terraform/plugins/terraform-provider-dkronjob"
2019/03/08 08:10:25 [DEBUG] checking for provisioner in "/go/src/github.com/coolomina/terraform_plugin_dkronjob/terraform/plugins"
2019/03/08 08:10:25 [INFO] command: backend <nil> is not enhanced, wrapping in local
2019/03/08 08:10:25 [INFO] backend/local: starting Apply operation
2019/03/08 08:10:25 [TRACE] Preserving existing state lineage "c30b340c-7381-679d-6cba-0667ecaaf7ad"
2019/03/08 08:10:25 [TRACE] Preserving existing state lineage "c30b340c-7381-679d-6cba-0667ecaaf7ad"
2019/03/08 08:10:25 [INFO] terraform: building graph: GraphTypeInput
2019/03/08 08:10:25 [TRACE] ConfigTransformer: Starting for path: []
2019/03/08 08:10:25 [TRACE] Graph after step *terraform.ConfigTransformer:

dkronjob.my-job - *terraform.NodeAbstractResource
2019/03/08 08:10:25 [TRACE] Graph after step *terraform.LocalTransformer:

dkronjob.my-job - *terraform.NodeAbstractResource
2019/03/08 08:10:25 [TRACE] Graph after step *terraform.OutputTransformer:

dkronjob.my-job - *terraform.NodeAbstractResource
2019/03/08 08:10:25 [TRACE] Graph after step *terraform.OrphanResourceTransformer:

dkronjob.my-job - *terraform.NodeAbstractResource
2019/03/08 08:10:25 [TRACE] Graph after step *terraform.OrphanOutputTransformer:

dkronjob.my-job - *terraform.NodeAbstractResource
2019/03/08 08:10:25 [TRACE] AttachResourceConfigTransformer: Beginning...
2019/03/08 08:10:25 [TRACE] AttachResourceConfigTransformer: Attach resource config request: dkronjob.my-job
2019/03/08 08:10:25 [TRACE] Attaching resource config: &config.Resource{Mode:0, Name:"my-job", Type:"dkronjob", RawCount:(*config.RawConfig)(0xc0003a7f10), RawConfig:(*config.RawConfig)(0xc0003a7ea0), Provisioners:[]*config.Provisioner(nil), Provider:"", DependsOn:[]string(nil), Lifecycle:config.ResourceLifecycle{CreateBeforeDestroy:false, PreventDestroy:false, IgnoreChanges:[]string(nil)}}
2019/03/08 08:10:25 [TRACE] Graph after step *terraform.AttachResourceConfigTransformer:

dkronjob.my-job - *terraform.NodeAbstractResource
2019/03/08 08:10:25 [DEBUG] Resource state not found for "dkronjob.my-job": dkronjob.my-job
2019/03/08 08:10:25 [TRACE] Graph after step *terraform.AttachStateTransformer:

dkronjob.my-job - *terraform.NodeAbstractResource
2019/03/08 08:10:25 [TRACE] Graph after step *terraform.RootVariableTransformer:

dkronjob.my-job - *terraform.NodeAbstractResource
2019/03/08 08:10:25 [TRACE] ProviderConfigTransformer: Starting for path: []
2019/03/08 08:10:25 [TRACE] Graph after step *terraform.ProviderConfigTransformer:

dkronjob.my-job - *terraform.NodeAbstractResource
2019/03/08 08:10:25 [DEBUG] adding missing provider: dkronjob
2019/03/08 08:10:25 [TRACE] Graph after step *terraform.MissingProviderTransformer:

dkronjob.my-job - *terraform.NodeAbstractResource
provider.dkronjob - *terraform.NodeApplyableProvider
2019/03/08 08:10:25 [DEBUG] resource dkronjob.my-job using provider provider.dkronjob
2019/03/08 08:10:25 [TRACE] Graph after step *terraform.ProviderTransformer:

dkronjob.my-job - *terraform.NodeAbstractResource
  provider.dkronjob - *terraform.NodeApplyableProvider
provider.dkronjob - *terraform.NodeApplyableProvider
2019/03/08 08:10:25 [TRACE] Graph after step *terraform.PruneProviderTransformer:

dkronjob.my-job - *terraform.NodeAbstractResource
  provider.dkronjob - *terraform.NodeApplyableProvider
provider.dkronjob - *terraform.NodeApplyableProvider
2019/03/08 08:10:25 [TRACE] Graph after step *terraform.ParentProviderTransformer:

dkronjob.my-job - *terraform.NodeAbstractResource
  provider.dkronjob - *terraform.NodeApplyableProvider
provider.dkronjob - *terraform.NodeApplyableProvider
2019/03/08 08:10:25 [TRACE] Graph after step *terraform.graphTransformerMulti:

dkronjob.my-job - *terraform.NodeAbstractResource
  provider.dkronjob - *terraform.NodeApplyableProvider
provider.dkronjob - *terraform.NodeApplyableProvider
2019/03/08 08:10:25 [TRACE] Graph after step *terraform.ModuleVariableTransformer:

dkronjob.my-job - *terraform.NodeAbstractResource
  provider.dkronjob - *terraform.NodeApplyableProvider
provider.dkronjob - *terraform.NodeApplyableProvider
2019/03/08 08:10:25 [TRACE] Graph after step *terraform.RemovedModuleTransformer:

dkronjob.my-job - *terraform.NodeAbstractResource
  provider.dkronjob - *terraform.NodeApplyableProvider
provider.dkronjob - *terraform.NodeApplyableProvider
2019/03/08 08:10:25 [DEBUG] ReferenceTransformer: "dkronjob.my-job" references: []
2019/03/08 08:10:25 [DEBUG] ReferenceTransformer: "provider.dkronjob" references: []
2019/03/08 08:10:25 [TRACE] Graph after step *terraform.ReferenceTransformer:

dkronjob.my-job - *terraform.NodeAbstractResource
  provider.dkronjob - *terraform.NodeApplyableProvider
provider.dkronjob - *terraform.NodeApplyableProvider
2019/03/08 08:10:25 [TRACE] Graph after step *terraform.CountBoundaryTransformer:

dkronjob.my-job - *terraform.NodeAbstractResource
  provider.dkronjob - *terraform.NodeApplyableProvider
meta.count-boundary (count boundary fixup) - *terraform.NodeCountBoundary
  dkronjob.my-job - *terraform.NodeAbstractResource
  provider.dkronjob - *terraform.NodeApplyableProvider
provider.dkronjob - *terraform.NodeApplyableProvider
2019/03/08 08:10:25 [TRACE] Graph after step *terraform.TargetsTransformer:

dkronjob.my-job - *terraform.NodeAbstractResource
  provider.dkronjob - *terraform.NodeApplyableProvider
meta.count-boundary (count boundary fixup) - *terraform.NodeCountBoundary
  dkronjob.my-job - *terraform.NodeAbstractResource
  provider.dkronjob - *terraform.NodeApplyableProvider
provider.dkronjob - *terraform.NodeApplyableProvider
2019/03/08 08:10:25 [TRACE] Graph after step *terraform.CloseProviderTransformer:

dkronjob.my-job - *terraform.NodeAbstractResource
  provider.dkronjob - *terraform.NodeApplyableProvider
meta.count-boundary (count boundary fixup) - *terraform.NodeCountBoundary
  dkronjob.my-job - *terraform.NodeAbstractResource
  provider.dkronjob - *terraform.NodeApplyableProvider
provider.dkronjob - *terraform.NodeApplyableProvider
provider.dkronjob (close) - *terraform.graphNodeCloseProvider
  dkronjob.my-job - *terraform.NodeAbstractResource
  provider.dkronjob - *terraform.NodeApplyableProvider
2019/03/08 08:10:25 [TRACE] Graph after step *terraform.CloseProvisionerTransformer:

dkronjob.my-job - *terraform.NodeAbstractResource
  provider.dkronjob - *terraform.NodeApplyableProvider
meta.count-boundary (count boundary fixup) - *terraform.NodeCountBoundary
  dkronjob.my-job - *terraform.NodeAbstractResource
  provider.dkronjob - *terraform.NodeApplyableProvider
provider.dkronjob - *terraform.NodeApplyableProvider
provider.dkronjob (close) - *terraform.graphNodeCloseProvider
  dkronjob.my-job - *terraform.NodeAbstractResource
  provider.dkronjob - *terraform.NodeApplyableProvider
2019/03/08 08:10:25 [TRACE] Graph after step *terraform.RootTransformer:

dkronjob.my-job - *terraform.NodeAbstractResource
  provider.dkronjob - *terraform.NodeApplyableProvider
meta.count-boundary (count boundary fixup) - *terraform.NodeCountBoundary
  dkronjob.my-job - *terraform.NodeAbstractResource
  provider.dkronjob - *terraform.NodeApplyableProvider
provider.dkronjob - *terraform.NodeApplyableProvider
provider.dkronjob (close) - *terraform.graphNodeCloseProvider
  dkronjob.my-job - *terraform.NodeAbstractResource
  provider.dkronjob - *terraform.NodeApplyableProvider
root - terraform.graphNodeRoot
  meta.count-boundary (count boundary fixup) - *terraform.NodeCountBoundary
  provider.dkronjob (close) - *terraform.graphNodeCloseProvider
2019/03/08 08:10:25 [TRACE] Graph after step *terraform.TransitiveReductionTransformer:

dkronjob.my-job - *terraform.NodeAbstractResource
  provider.dkronjob - *terraform.NodeApplyableProvider
meta.count-boundary (count boundary fixup) - *terraform.NodeCountBoundary
  dkronjob.my-job - *terraform.NodeAbstractResource
provider.dkronjob - *terraform.NodeApplyableProvider
provider.dkronjob (close) - *terraform.graphNodeCloseProvider
  dkronjob.my-job - *terraform.NodeAbstractResource
root - terraform.graphNodeRoot
  meta.count-boundary (count boundary fixup) - *terraform.NodeCountBoundary
  provider.dkronjob (close) - *terraform.graphNodeCloseProvider
2019/03/08 08:10:25 [DEBUG] Starting graph walk: walkInput
2019/03/08 08:10:25 [TRACE] dag/walk: added new vertex: "provider.dkronjob"
2019/03/08 08:10:25 [TRACE] dag/walk: added new vertex: "meta.count-boundary (count boundary fixup)"
2019/03/08 08:10:25 [TRACE] dag/walk: added new vertex: "provider.dkronjob (close)"
2019/03/08 08:10:25 [TRACE] dag/walk: added new vertex: "root"
2019/03/08 08:10:25 [TRACE] dag/walk: added new vertex: "dkronjob.my-job"
2019/03/08 08:10:25 [TRACE] dag/walk: added edge: "meta.count-boundary (count boundary fixup)" waiting on "dkronjob.my-job"
2019/03/08 08:10:25 [TRACE] dag/walk: added edge: "provider.dkronjob (close)" waiting on "dkronjob.my-job"
2019/03/08 08:10:25 [TRACE] dag/walk: added edge: "root" waiting on "meta.count-boundary (count boundary fixup)"
2019/03/08 08:10:25 [TRACE] dag/walk: added edge: "root" waiting on "provider.dkronjob (close)"
2019/03/08 08:10:25 [TRACE] dag/walk: added edge: "dkronjob.my-job" waiting on "provider.dkronjob"
2019/03/08 08:10:25 [TRACE] dag/walk: dependencies changed for "meta.count-boundary (count boundary fixup)", sending new deps
2019/03/08 08:10:25 [TRACE] dag/walk: dependencies changed for "provider.dkronjob (close)", sending new deps
2019/03/08 08:10:25 [TRACE] dag/walk: dependencies changed for "root", sending new deps
2019/03/08 08:10:25 [TRACE] dag/walk: dependencies changed for "dkronjob.my-job", sending new deps
2019/03/08 08:10:25 [TRACE] dag/walk: walking "provider.dkronjob"
2019/03/08 08:10:25 [TRACE] vertex 'root.provider.dkronjob': walking
2019/03/08 08:10:25 [TRACE] vertex 'root.provider.dkronjob': evaluating
2019/03/08 08:10:25 [TRACE] [walkInput] Entering eval tree: provider.dkronjob
2019/03/08 08:10:25 [TRACE] root: eval: *terraform.EvalSequence
2019/03/08 08:10:25 [TRACE] root: eval: *terraform.EvalInitProvider
2019-03-08T08:10:25.154Z [DEBUG] plugin: starting plugin: path=/go/src/github.com/coolomina/terraform_plugin_dkronjob/terraform/plugins/terraform-provider-dkronjob args=[/go/src/github.com/coolomina/terraform_plugin_dkronjob/terraform/plugins/terraform-provider-dkronjob]
2019-03-08T08:10:25.162Z [DEBUG] plugin: waiting for RPC address: path=/go/src/github.com/coolomina/terraform_plugin_dkronjob/terraform/plugins/terraform-provider-dkronjob
2019-03-08T08:10:25.232Z [DEBUG] plugin.terraform-provider-dkronjob: plugin address: timestamp=2019-03-08T08:10:25.231Z address=/tmp/plugin638268757 network=unix
2019/03/08 08:10:25 [TRACE] root: eval: *terraform.EvalOpFilter
2019/03/08 08:10:25 [TRACE] root: eval: *terraform.EvalSequence
2019/03/08 08:10:25 [TRACE] root: eval: *terraform.EvalGetProvider
2019/03/08 08:10:25 [TRACE] root: eval: *terraform.EvalInterpolateProvider
2019/03/08 08:10:25 [TRACE] root: eval: *terraform.EvalBuildProviderConfig
2019/03/08 08:10:25 [TRACE] root: eval: *terraform.EvalInputProvider
2019/03/08 08:10:25 [TRACE] root: eval: terraform.EvalNoop
2019/03/08 08:10:25 [TRACE] root: eval: terraform.EvalNoop
2019/03/08 08:10:25 [TRACE] root: eval: terraform.EvalNoop
2019/03/08 08:10:25 [TRACE] [walkInput] Exiting eval tree: provider.dkronjob
2019/03/08 08:10:25 [TRACE] dag/walk: walking "dkronjob.my-job"
2019/03/08 08:10:25 [TRACE] vertex 'root.dkronjob.my-job': walking
2019/03/08 08:10:25 [TRACE] dag/walk: walking "provider.dkronjob (close)"
2019/03/08 08:10:25 [TRACE] vertex 'root.provider.dkronjob (close)': walking
2019/03/08 08:10:25 [TRACE] dag/walk: walking "meta.count-boundary (count boundary fixup)"
2019/03/08 08:10:25 [TRACE] vertex 'root.meta.count-boundary (count boundary fixup)': walking
2019/03/08 08:10:25 [TRACE] vertex 'root.provider.dkronjob (close)': evaluating
2019/03/08 08:10:25 [TRACE] vertex 'root.meta.count-boundary (count boundary fixup)': evaluating
2019/03/08 08:10:25 [TRACE] [walkInput] Entering eval tree: provider.dkronjob (close)
2019/03/08 08:10:25 [TRACE] root: eval: *terraform.EvalCloseProvider
2019/03/08 08:10:25 [TRACE] [walkInput] Entering eval tree: meta.count-boundary (count boundary fixup)
2019/03/08 08:10:25 [TRACE] [walkInput] Exiting eval tree: provider.dkronjob (close)
2019/03/08 08:10:25 [TRACE] root: eval: *terraform.EvalCountFixZeroOneBoundaryGlobal
2019/03/08 08:10:25 [TRACE] [walkInput] Exiting eval tree: meta.count-boundary (count boundary fixup)
2019/03/08 08:10:25 [TRACE] dag/walk: walking "root"
2019/03/08 08:10:25 [TRACE] vertex 'root.root': walking
2019/03/08 08:10:25 [INFO] terraform: building graph: GraphTypeValidate
2019/03/08 08:10:25 [TRACE] ConfigTransformer: Starting for path: []
2019/03/08 08:10:25 [TRACE] Graph after step *terraform.ConfigTransformer:

dkronjob.my-job - *terraform.NodeValidatableResource
2019/03/08 08:10:25 [TRACE] Graph after step *terraform.LocalTransformer:

dkronjob.my-job - *terraform.NodeValidatableResource
2019/03/08 08:10:25 [TRACE] Graph after step *terraform.OutputTransformer:

dkronjob.my-job - *terraform.NodeValidatableResource
2019/03/08 08:10:25 [TRACE] Graph after step *terraform.OrphanResourceTransformer:

dkronjob.my-job - *terraform.NodeValidatableResource
2019/03/08 08:10:25 [TRACE] Graph after step *terraform.OrphanOutputTransformer:

dkronjob.my-job - *terraform.NodeValidatableResource
2019/03/08 08:10:25 [TRACE] AttachResourceConfigTransformer: Beginning...
2019/03/08 08:10:25 [TRACE] AttachResourceConfigTransformer: Attach resource config request: dkronjob.my-job
2019/03/08 08:10:25 [TRACE] Attaching resource config: &config.Resource{Mode:0, Name:"my-job", Type:"dkronjob", RawCount:(*config.RawConfig)(0xc0003a7f10), RawConfig:(*config.RawConfig)(0xc0003a7ea0), Provisioners:[]*config.Provisioner(nil), Provider:"", DependsOn:[]string(nil), Lifecycle:config.ResourceLifecycle{CreateBeforeDestroy:false, PreventDestroy:false, IgnoreChanges:[]string(nil)}}
2019/03/08 08:10:25 [TRACE] Graph after step *terraform.AttachResourceConfigTransformer:

dkronjob.my-job - *terraform.NodeValidatableResource
2019/03/08 08:10:25 [DEBUG] Resource state not found for "dkronjob.my-job": dkronjob.my-job
2019/03/08 08:10:25 [TRACE] Graph after step *terraform.AttachStateTransformer:

dkronjob.my-job - *terraform.NodeValidatableResource
2019/03/08 08:10:25 [TRACE] Graph after step *terraform.RootVariableTransformer:

dkronjob.my-job - *terraform.NodeValidatableResource
2019/03/08 08:10:25 [TRACE] ProviderConfigTransformer: Starting for path: []
2019/03/08 08:10:25 [TRACE] Graph after step *terraform.ProviderConfigTransformer:

dkronjob.my-job - *terraform.NodeValidatableResource
2019/03/08 08:10:25 [DEBUG] adding missing provider: dkronjob
2019/03/08 08:10:25 [TRACE] Graph after step *terraform.MissingProviderTransformer:

dkronjob.my-job - *terraform.NodeValidatableResource
provider.dkronjob - *terraform.NodeApplyableProvider
2019/03/08 08:10:25 [DEBUG] resource dkronjob.my-job using provider provider.dkronjob
2019/03/08 08:10:25 [TRACE] Graph after step *terraform.ProviderTransformer:

dkronjob.my-job - *terraform.NodeValidatableResource
  provider.dkronjob - *terraform.NodeApplyableProvider
provider.dkronjob - *terraform.NodeApplyableProvider
2019/03/08 08:10:25 [TRACE] Graph after step *terraform.PruneProviderTransformer:

dkronjob.my-job - *terraform.NodeValidatableResource
  provider.dkronjob - *terraform.NodeApplyableProvider
provider.dkronjob - *terraform.NodeApplyableProvider
2019/03/08 08:10:25 [TRACE] Graph after step *terraform.ParentProviderTransformer:

dkronjob.my-job - *terraform.NodeValidatableResource
  provider.dkronjob - *terraform.NodeApplyableProvider
provider.dkronjob - *terraform.NodeApplyableProvider
2019/03/08 08:10:25 [TRACE] Graph after step *terraform.graphTransformerMulti:

dkronjob.my-job - *terraform.NodeValidatableResource
  provider.dkronjob - *terraform.NodeApplyableProvider
provider.dkronjob - *terraform.NodeApplyableProvider
2019/03/08 08:10:25 [TRACE] Graph after step *terraform.MissingProvisionerTransformer:

dkronjob.my-job - *terraform.NodeValidatableResource
  provider.dkronjob - *terraform.NodeApplyableProvider
provider.dkronjob - *terraform.NodeApplyableProvider
2019/03/08 08:10:25 [TRACE] Graph after step *terraform.ProvisionerTransformer:

dkronjob.my-job - *terraform.NodeValidatableResource
  provider.dkronjob - *terraform.NodeApplyableProvider
provider.dkronjob - *terraform.NodeApplyableProvider
2019/03/08 08:10:25 [TRACE] Graph after step *terraform.graphTransformerMulti:

dkronjob.my-job - *terraform.NodeValidatableResource
  provider.dkronjob - *terraform.NodeApplyableProvider
provider.dkronjob - *terraform.NodeApplyableProvider
2019/03/08 08:10:25 [TRACE] Graph after step *terraform.ModuleVariableTransformer:

dkronjob.my-job - *terraform.NodeValidatableResource
  provider.dkronjob - *terraform.NodeApplyableProvider
provider.dkronjob - *terraform.NodeApplyableProvider
2019/03/08 08:10:25 [TRACE] Graph after step *terraform.RemovedModuleTransformer:

dkronjob.my-job - *terraform.NodeValidatableResource
  provider.dkronjob - *terraform.NodeApplyableProvider
provider.dkronjob - *terraform.NodeApplyableProvider
2019/03/08 08:10:25 [DEBUG] ReferenceTransformer: "dkronjob.my-job" references: []
2019/03/08 08:10:25 [DEBUG] ReferenceTransformer: "provider.dkronjob" references: []
2019/03/08 08:10:25 [TRACE] Graph after step *terraform.ReferenceTransformer:

dkronjob.my-job - *terraform.NodeValidatableResource
  provider.dkronjob - *terraform.NodeApplyableProvider
provider.dkronjob - *terraform.NodeApplyableProvider
2019/03/08 08:10:25 [TRACE] Graph after step *terraform.CountBoundaryTransformer:

dkronjob.my-job - *terraform.NodeValidatableResource
  provider.dkronjob - *terraform.NodeApplyableProvider
meta.count-boundary (count boundary fixup) - *terraform.NodeCountBoundary
  dkronjob.my-job - *terraform.NodeValidatableResource
  provider.dkronjob - *terraform.NodeApplyableProvider
provider.dkronjob - *terraform.NodeApplyableProvider
2019/03/08 08:10:25 [TRACE] Graph after step *terraform.TargetsTransformer:

dkronjob.my-job - *terraform.NodeValidatableResource
  provider.dkronjob - *terraform.NodeApplyableProvider
meta.count-boundary (count boundary fixup) - *terraform.NodeCountBoundary
  dkronjob.my-job - *terraform.NodeValidatableResource
  provider.dkronjob - *terraform.NodeApplyableProvider
provider.dkronjob - *terraform.NodeApplyableProvider
2019/03/08 08:10:25 [TRACE] Graph after step *terraform.CloseProviderTransformer:

dkronjob.my-job - *terraform.NodeValidatableResource
  provider.dkronjob - *terraform.NodeApplyableProvider
meta.count-boundary (count boundary fixup) - *terraform.NodeCountBoundary
  dkronjob.my-job - *terraform.NodeValidatableResource
  provider.dkronjob - *terraform.NodeApplyableProvider
provider.dkronjob - *terraform.NodeApplyableProvider
provider.dkronjob (close) - *terraform.graphNodeCloseProvider
  dkronjob.my-job - *terraform.NodeValidatableResource
  provider.dkronjob - *terraform.NodeApplyableProvider
2019/03/08 08:10:25 [TRACE] Graph after step *terraform.CloseProvisionerTransformer:

dkronjob.my-job - *terraform.NodeValidatableResource
  provider.dkronjob - *terraform.NodeApplyableProvider
meta.count-boundary (count boundary fixup) - *terraform.NodeCountBoundary
  dkronjob.my-job - *terraform.NodeValidatableResource
  provider.dkronjob - *terraform.NodeApplyableProvider
provider.dkronjob - *terraform.NodeApplyableProvider
provider.dkronjob (close) - *terraform.graphNodeCloseProvider
  dkronjob.my-job - *terraform.NodeValidatableResource
  provider.dkronjob - *terraform.NodeApplyableProvider
2019/03/08 08:10:25 [TRACE] Graph after step *terraform.RootTransformer:

dkronjob.my-job - *terraform.NodeValidatableResource
  provider.dkronjob - *terraform.NodeApplyableProvider
meta.count-boundary (count boundary fixup) - *terraform.NodeCountBoundary
  dkronjob.my-job - *terraform.NodeValidatableResource
  provider.dkronjob - *terraform.NodeApplyableProvider
provider.dkronjob - *terraform.NodeApplyableProvider
provider.dkronjob (close) - *terraform.graphNodeCloseProvider
  dkronjob.my-job - *terraform.NodeValidatableResource
  provider.dkronjob - *terraform.NodeApplyableProvider
root - terraform.graphNodeRoot
  meta.count-boundary (count boundary fixup) - *terraform.NodeCountBoundary
  provider.dkronjob (close) - *terraform.graphNodeCloseProvider
2019/03/08 08:10:25 [TRACE] Graph after step *terraform.TransitiveReductionTransformer:

dkronjob.my-job - *terraform.NodeValidatableResource
  provider.dkronjob - *terraform.NodeApplyableProvider
meta.count-boundary (count boundary fixup) - *terraform.NodeCountBoundary
  dkronjob.my-job - *terraform.NodeValidatableResource
provider.dkronjob - *terraform.NodeApplyableProvider
provider.dkronjob (close) - *terraform.graphNodeCloseProvider
  dkronjob.my-job - *terraform.NodeValidatableResource
root - terraform.graphNodeRoot
  meta.count-boundary (count boundary fixup) - *terraform.NodeCountBoundary
  provider.dkronjob (close) - *terraform.graphNodeCloseProvider
2019/03/08 08:10:25 [DEBUG] Starting graph walk: walkValidate
2019/03/08 08:10:25 [TRACE] dag/walk: added new vertex: "provider.dkronjob"
2019/03/08 08:10:25 [TRACE] dag/walk: added new vertex: "meta.count-boundary (count boundary fixup)"
2019/03/08 08:10:25 [TRACE] dag/walk: added new vertex: "provider.dkronjob (close)"
2019/03/08 08:10:25 [TRACE] dag/walk: added new vertex: "root"
2019/03/08 08:10:25 [TRACE] dag/walk: added new vertex: "dkronjob.my-job"
2019/03/08 08:10:25 [TRACE] dag/walk: added edge: "provider.dkronjob (close)" waiting on "dkronjob.my-job"
2019/03/08 08:10:25 [TRACE] dag/walk: added edge: "root" waiting on "provider.dkronjob (close)"
2019/03/08 08:10:25 [TRACE] dag/walk: added edge: "root" waiting on "meta.count-boundary (count boundary fixup)"
2019/03/08 08:10:25 [TRACE] dag/walk: added edge: "dkronjob.my-job" waiting on "provider.dkronjob"
2019/03/08 08:10:25 [TRACE] dag/walk: added edge: "meta.count-boundary (count boundary fixup)" waiting on "dkronjob.my-job"
2019/03/08 08:10:25 [TRACE] dag/walk: dependencies changed for "dkronjob.my-job", sending new deps
2019/03/08 08:10:25 [TRACE] dag/walk: dependencies changed for "meta.count-boundary (count boundary fixup)", sending new deps
2019/03/08 08:10:25 [TRACE] dag/walk: dependencies changed for "provider.dkronjob (close)", sending new deps
2019/03/08 08:10:25 [TRACE] dag/walk: dependencies changed for "root", sending new deps
2019/03/08 08:10:25 [TRACE] dag/walk: walking "provider.dkronjob"
2019/03/08 08:10:25 [TRACE] vertex 'root.provider.dkronjob': walking
2019/03/08 08:10:25 [TRACE] vertex 'root.provider.dkronjob': evaluating
2019/03/08 08:10:25 [TRACE] [walkValidate] Entering eval tree: provider.dkronjob
2019/03/08 08:10:25 [TRACE] root: eval: *terraform.EvalSequence
2019/03/08 08:10:25 [TRACE] root: eval: *terraform.EvalInitProvider
2019/03/08 08:10:25 [TRACE] root: eval: terraform.EvalNoop
2019/03/08 08:10:25 [TRACE] root: eval: *terraform.EvalOpFilter
2019/03/08 08:10:25 [TRACE] root: eval: *terraform.EvalSequence
2019/03/08 08:10:25 [TRACE] root: eval: *terraform.EvalGetProvider
2019/03/08 08:10:25 [TRACE] root: eval: *terraform.EvalInterpolateProvider
2019/03/08 08:10:25 [TRACE] root: eval: *terraform.EvalBuildProviderConfig
2019/03/08 08:10:25 [TRACE] root: eval: *terraform.EvalValidateProvider
2019/03/08 08:10:25 [TRACE] root: eval: terraform.EvalNoop
2019/03/08 08:10:25 [TRACE] root: eval: terraform.EvalNoop
2019/03/08 08:10:25 [TRACE] [walkValidate] Exiting eval tree: provider.dkronjob
2019/03/08 08:10:25 [TRACE] dag/walk: walking "dkronjob.my-job"
2019/03/08 08:10:25 [TRACE] vertex 'root.dkronjob.my-job': walking
2019/03/08 08:10:25 [TRACE] vertex 'root.dkronjob.my-job': evaluating
2019/03/08 08:10:25 [TRACE] [walkValidate] Entering eval tree: dkronjob.my-job
2019/03/08 08:10:25 [TRACE] root: eval: *terraform.EvalSequence
2019/03/08 08:10:25 [TRACE] root: eval: *terraform.EvalInterpolate
2019/03/08 08:10:25 [TRACE] root: eval: *terraform.EvalIf
2019/03/08 08:10:25 [TRACE] root: eval: *terraform.EvalValidateCount
2019/03/08 08:10:25 [TRACE] root: eval: *terraform.EvalCountFixZeroOneBoundary
2019/03/08 08:10:25 [TRACE] [walkValidate] Exiting eval tree: dkronjob.my-job
2019/03/08 08:10:25 [TRACE] vertex 'root.dkronjob.my-job': expanding/walking dynamic subgraph
2019/03/08 08:10:25 [TRACE] Graph after step *terraform.ResourceCountTransformer:

dkronjob.my-job - *terraform.NodeValidatableResourceInstance
2019/03/08 08:10:25 [DEBUG] Resource state not found for "dkronjob.my-job": dkronjob.my-job
2019/03/08 08:10:25 [TRACE] Graph after step *terraform.AttachStateTransformer:

dkronjob.my-job - *terraform.NodeValidatableResourceInstance
2019/03/08 08:10:25 [TRACE] Graph after step *terraform.TargetsTransformer:

dkronjob.my-job - *terraform.NodeValidatableResourceInstance
2019/03/08 08:10:25 [DEBUG] ReferenceTransformer: "dkronjob.my-job" references: []
2019/03/08 08:10:25 [TRACE] Graph after step *terraform.ReferenceTransformer:

dkronjob.my-job - *terraform.NodeValidatableResourceInstance
2019/03/08 08:10:25 [TRACE] Graph after step *terraform.RootTransformer:

dkronjob.my-job - *terraform.NodeValidatableResourceInstance
2019/03/08 08:10:25 [TRACE] dag/walk: added new vertex: "dkronjob.my-job"
2019/03/08 08:10:25 [TRACE] dag/walk: walking "dkronjob.my-job"
2019/03/08 08:10:25 [TRACE] vertex 'root.dkronjob.my-job': walking
2019/03/08 08:10:25 [TRACE] vertex 'root.dkronjob.my-job': evaluating
2019/03/08 08:10:25 [TRACE] [walkValidate] Entering eval tree: dkronjob.my-job
2019/03/08 08:10:25 [TRACE] root: eval: *terraform.EvalSequence
2019/03/08 08:10:25 [TRACE] root: eval: *terraform.EvalValidateResourceSelfRef
2019/03/08 08:10:25 [TRACE] root: eval: *terraform.EvalGetProvider
2019/03/08 08:10:25 [TRACE] root: eval: *terraform.EvalInterpolate
2019/03/08 08:10:25 [TRACE] root: eval: *terraform.EvalValidateResource
2019/03/08 08:10:25 [TRACE] [walkValidate] Exiting eval tree: dkronjob.my-job
2019/03/08 08:10:25 [TRACE] dag/walk: walking "meta.count-boundary (count boundary fixup)"
2019/03/08 08:10:25 [TRACE] vertex 'root.meta.count-boundary (count boundary fixup)': walking
2019/03/08 08:10:25 [TRACE] vertex 'root.meta.count-boundary (count boundary fixup)': evaluating
2019/03/08 08:10:25 [TRACE] [walkValidate] Entering eval tree: meta.count-boundary (count boundary fixup)
2019/03/08 08:10:25 [TRACE] root: eval: *terraform.EvalCountFixZeroOneBoundaryGlobal
2019/03/08 08:10:25 [TRACE] dag/walk: walking "provider.dkronjob (close)"
2019/03/08 08:10:25 [TRACE] [walkValidate] Exiting eval tree: meta.count-boundary (count boundary fixup)
2019/03/08 08:10:25 [TRACE] vertex 'root.provider.dkronjob (close)': walking
2019/03/08 08:10:25 [TRACE] vertex 'root.provider.dkronjob (close)': evaluating
2019/03/08 08:10:25 [TRACE] [walkValidate] Entering eval tree: provider.dkronjob (close)
2019/03/08 08:10:25 [TRACE] root: eval: *terraform.EvalCloseProvider
2019/03/08 08:10:25 [TRACE] [walkValidate] Exiting eval tree: provider.dkronjob (close)
2019/03/08 08:10:25 [TRACE] dag/walk: walking "root"
2019/03/08 08:10:25 [TRACE] vertex 'root.root': walking
2019/03/08 08:10:25 [INFO] backend/local: apply calling Refresh
2019/03/08 08:10:25 [INFO] terraform: building graph: GraphTypeRefresh
2019/03/08 08:10:25 [TRACE] No managed resources in state during refresh, skipping managed resource transformer
2019/03/08 08:10:25 [TRACE] ConfigTransformer: Starting for path: []
2019/03/08 08:10:25 [TRACE] Graph after step *terraform.ConfigTransformer:

2019/03/08 08:10:25 [TRACE] Graph after step *terraform.OrphanResourceTransformer:

2019/03/08 08:10:25 [TRACE] Graph after step *terraform.AttachStateTransformer:

2019/03/08 08:10:25 [TRACE] AttachResourceConfigTransformer: Beginning...
2019/03/08 08:10:25 [TRACE] Graph after step *terraform.AttachResourceConfigTransformer:

2019/03/08 08:10:25 [TRACE] Graph after step *terraform.RootVariableTransformer:

2019/03/08 08:10:25 [TRACE] ProviderConfigTransformer: Starting for path: []
2019/03/08 08:10:25 [TRACE] Graph after step *terraform.ProviderConfigTransformer:

2019/03/08 08:10:25 [TRACE] Graph after step *terraform.MissingProviderTransformer:

2019/03/08 08:10:25 [TRACE] Graph after step *terraform.ProviderTransformer:

2019/03/08 08:10:25 [TRACE] Graph after step *terraform.PruneProviderTransformer:

2019/03/08 08:10:25 [TRACE] Graph after step *terraform.ParentProviderTransformer:

2019/03/08 08:10:25 [TRACE] Graph after step *terraform.graphTransformerMulti:

2019/03/08 08:10:25 [TRACE] Graph after step *terraform.LocalTransformer:

2019/03/08 08:10:25 [TRACE] Graph after step *terraform.OutputTransformer:

2019/03/08 08:10:25 [TRACE] Graph after step *terraform.ModuleVariableTransformer:

2019/03/08 08:10:25 [TRACE] Graph after step *terraform.ReferenceTransformer:

2019/03/08 08:10:25 [TRACE] Graph after step *terraform.TargetsTransformer:

2019/03/08 08:10:25 [TRACE] Graph after step *terraform.CloseProviderTransformer:

2019/03/08 08:10:25 [TRACE] Graph after step *terraform.RootTransformer:

root - terraform.graphNodeRoot
2019/03/08 08:10:25 [TRACE] Graph after step *terraform.TransitiveReductionTransformer:

root - terraform.graphNodeRoot
2019/03/08 08:10:25 [DEBUG] Starting graph walk: walkRefresh
2019/03/08 08:10:25 [TRACE] dag/walk: added new vertex: "root"
2019/03/08 08:10:25 [TRACE] dag/walk: walking "root"
2019/03/08 08:10:25 [TRACE] vertex 'root.root': walking
2019/03/08 08:10:25 [INFO] backend/local: apply calling Plan
2019/03/08 08:10:25 [INFO] terraform: building graph: GraphTypePlan
2019/03/08 08:10:25 [TRACE] ConfigTransformer: Starting for path: []
2019/03/08 08:10:25 [TRACE] Graph after step *terraform.ConfigTransformer:

dkronjob.my-job - *terraform.NodePlannableResource
2019/03/08 08:10:25 [TRACE] Graph after step *terraform.LocalTransformer:

dkronjob.my-job - *terraform.NodePlannableResource
2019/03/08 08:10:25 [TRACE] Graph after step *terraform.OutputTransformer:

dkronjob.my-job - *terraform.NodePlannableResource
2019/03/08 08:10:25 [TRACE] Graph after step *terraform.OrphanResourceTransformer:

dkronjob.my-job - *terraform.NodePlannableResource
2019/03/08 08:10:25 [TRACE] Graph after step *terraform.OrphanOutputTransformer:

dkronjob.my-job - *terraform.NodePlannableResource
2019/03/08 08:10:25 [TRACE] AttachResourceConfigTransformer: Beginning...
2019/03/08 08:10:25 [TRACE] AttachResourceConfigTransformer: Attach resource config request: dkronjob.my-job
2019/03/08 08:10:25 [TRACE] Attaching resource config: &config.Resource{Mode:0, Name:"my-job", Type:"dkronjob", RawCount:(*config.RawConfig)(0xc0003a7f10), RawConfig:(*config.RawConfig)(0xc0003a7ea0), Provisioners:[]*config.Provisioner(nil), Provider:"", DependsOn:[]string(nil), Lifecycle:config.ResourceLifecycle{CreateBeforeDestroy:false, PreventDestroy:false, IgnoreChanges:[]string(nil)}}
2019/03/08 08:10:25 [TRACE] Graph after step *terraform.AttachResourceConfigTransformer:

dkronjob.my-job - *terraform.NodePlannableResource
2019/03/08 08:10:25 [DEBUG] Resource state not found for "dkronjob.my-job": dkronjob.my-job
2019/03/08 08:10:25 [TRACE] Graph after step *terraform.AttachStateTransformer:

dkronjob.my-job - *terraform.NodePlannableResource
2019/03/08 08:10:25 [TRACE] Graph after step *terraform.RootVariableTransformer:

dkronjob.my-job - *terraform.NodePlannableResource
2019/03/08 08:10:25 [TRACE] ProviderConfigTransformer: Starting for path: []
2019/03/08 08:10:25 [TRACE] Graph after step *terraform.ProviderConfigTransformer:

dkronjob.my-job - *terraform.NodePlannableResource
2019/03/08 08:10:25 [DEBUG] adding missing provider: dkronjob
2019/03/08 08:10:25 [TRACE] Graph after step *terraform.MissingProviderTransformer:

dkronjob.my-job - *terraform.NodePlannableResource
provider.dkronjob - *terraform.NodeApplyableProvider
2019/03/08 08:10:25 [DEBUG] resource dkronjob.my-job using provider provider.dkronjob
2019/03/08 08:10:25 [TRACE] Graph after step *terraform.ProviderTransformer:

dkronjob.my-job - *terraform.NodePlannableResource
  provider.dkronjob - *terraform.NodeApplyableProvider
provider.dkronjob - *terraform.NodeApplyableProvider
2019/03/08 08:10:25 [TRACE] Graph after step *terraform.PruneProviderTransformer:

dkronjob.my-job - *terraform.NodePlannableResource
  provider.dkronjob - *terraform.NodeApplyableProvider
provider.dkronjob - *terraform.NodeApplyableProvider
2019/03/08 08:10:25 [TRACE] Graph after step *terraform.ParentProviderTransformer:

dkronjob.my-job - *terraform.NodePlannableResource
  provider.dkronjob - *terraform.NodeApplyableProvider
provider.dkronjob - *terraform.NodeApplyableProvider
2019/03/08 08:10:25 [TRACE] Graph after step *terraform.graphTransformerMulti:

dkronjob.my-job - *terraform.NodePlannableResource
  provider.dkronjob - *terraform.NodeApplyableProvider
provider.dkronjob - *terraform.NodeApplyableProvider
2019/03/08 08:10:25 [TRACE] Graph after step *terraform.ModuleVariableTransformer:

dkronjob.my-job - *terraform.NodePlannableResource
  provider.dkronjob - *terraform.NodeApplyableProvider
provider.dkronjob - *terraform.NodeApplyableProvider
2019/03/08 08:10:25 [TRACE] Graph after step *terraform.RemovedModuleTransformer:

dkronjob.my-job - *terraform.NodePlannableResource
  provider.dkronjob - *terraform.NodeApplyableProvider
provider.dkronjob - *terraform.NodeApplyableProvider
2019/03/08 08:10:25 [DEBUG] ReferenceTransformer: "provider.dkronjob" references: []
2019/03/08 08:10:25 [DEBUG] ReferenceTransformer: "dkronjob.my-job" references: []
2019/03/08 08:10:25 [TRACE] Graph after step *terraform.ReferenceTransformer:

dkronjob.my-job - *terraform.NodePlannableResource
  provider.dkronjob - *terraform.NodeApplyableProvider
provider.dkronjob - *terraform.NodeApplyableProvider
2019/03/08 08:10:25 [TRACE] Graph after step *terraform.CountBoundaryTransformer:

dkronjob.my-job - *terraform.NodePlannableResource
  provider.dkronjob - *terraform.NodeApplyableProvider
meta.count-boundary (count boundary fixup) - *terraform.NodeCountBoundary
  dkronjob.my-job - *terraform.NodePlannableResource
  provider.dkronjob - *terraform.NodeApplyableProvider
provider.dkronjob - *terraform.NodeApplyableProvider
2019/03/08 08:10:25 [TRACE] Graph after step *terraform.TargetsTransformer:

dkronjob.my-job - *terraform.NodePlannableResource
  provider.dkronjob - *terraform.NodeApplyableProvider
meta.count-boundary (count boundary fixup) - *terraform.NodeCountBoundary
  dkronjob.my-job - *terraform.NodePlannableResource
  provider.dkronjob - *terraform.NodeApplyableProvider
provider.dkronjob - *terraform.NodeApplyableProvider
2019/03/08 08:10:25 [TRACE] Graph after step *terraform.CloseProviderTransformer:

dkronjob.my-job - *terraform.NodePlannableResource
  provider.dkronjob - *terraform.NodeApplyableProvider
meta.count-boundary (count boundary fixup) - *terraform.NodeCountBoundary
  dkronjob.my-job - *terraform.NodePlannableResource
  provider.dkronjob - *terraform.NodeApplyableProvider
provider.dkronjob - *terraform.NodeApplyableProvider
provider.dkronjob (close) - *terraform.graphNodeCloseProvider
  dkronjob.my-job - *terraform.NodePlannableResource
  provider.dkronjob - *terraform.NodeApplyableProvider
2019/03/08 08:10:25 [TRACE] Graph after step *terraform.CloseProvisionerTransformer:

dkronjob.my-job - *terraform.NodePlannableResource
  provider.dkronjob - *terraform.NodeApplyableProvider
meta.count-boundary (count boundary fixup) - *terraform.NodeCountBoundary
  dkronjob.my-job - *terraform.NodePlannableResource
  provider.dkronjob - *terraform.NodeApplyableProvider
provider.dkronjob - *terraform.NodeApplyableProvider
provider.dkronjob (close) - *terraform.graphNodeCloseProvider
  dkronjob.my-job - *terraform.NodePlannableResource
  provider.dkronjob - *terraform.NodeApplyableProvider
2019/03/08 08:10:25 [TRACE] Graph after step *terraform.RootTransformer:

dkronjob.my-job - *terraform.NodePlannableResource
  provider.dkronjob - *terraform.NodeApplyableProvider
meta.count-boundary (count boundary fixup) - *terraform.NodeCountBoundary
  dkronjob.my-job - *terraform.NodePlannableResource
  provider.dkronjob - *terraform.NodeApplyableProvider
provider.dkronjob - *terraform.NodeApplyableProvider
provider.dkronjob (close) - *terraform.graphNodeCloseProvider
  dkronjob.my-job - *terraform.NodePlannableResource
  provider.dkronjob - *terraform.NodeApplyableProvider
root - terraform.graphNodeRoot
  meta.count-boundary (count boundary fixup) - *terraform.NodeCountBoundary
  provider.dkronjob (close) - *terraform.graphNodeCloseProvider
2019/03/08 08:10:25 [TRACE] Graph after step *terraform.TransitiveReductionTransformer:

dkronjob.my-job - *terraform.NodePlannableResource
  provider.dkronjob - *terraform.NodeApplyableProvider
meta.count-boundary (count boundary fixup) - *terraform.NodeCountBoundary
  dkronjob.my-job - *terraform.NodePlannableResource
provider.dkronjob - *terraform.NodeApplyableProvider
provider.dkronjob (close) - *terraform.graphNodeCloseProvider
  dkronjob.my-job - *terraform.NodePlannableResource
root - terraform.graphNodeRoot
  meta.count-boundary (count boundary fixup) - *terraform.NodeCountBoundary
  provider.dkronjob (close) - *terraform.graphNodeCloseProvider
2019/03/08 08:10:25 [DEBUG] Starting graph walk: walkPlan
2019/03/08 08:10:25 [TRACE] dag/walk: added new vertex: "provider.dkronjob"
2019/03/08 08:10:25 [TRACE] dag/walk: added new vertex: "meta.count-boundary (count boundary fixup)"
2019/03/08 08:10:25 [TRACE] dag/walk: added new vertex: "provider.dkronjob (close)"
2019/03/08 08:10:25 [TRACE] dag/walk: added new vertex: "root"
2019/03/08 08:10:25 [TRACE] dag/walk: added new vertex: "dkronjob.my-job"
2019/03/08 08:10:25 [TRACE] dag/walk: added edge: "root" waiting on "provider.dkronjob (close)"
2019/03/08 08:10:25 [TRACE] dag/walk: added edge: "root" waiting on "meta.count-boundary (count boundary fixup)"
2019/03/08 08:10:25 [TRACE] dag/walk: added edge: "dkronjob.my-job" waiting on "provider.dkronjob"
2019/03/08 08:10:25 [TRACE] dag/walk: added edge: "meta.count-boundary (count boundary fixup)" waiting on "dkronjob.my-job"
2019/03/08 08:10:25 [TRACE] dag/walk: added edge: "provider.dkronjob (close)" waiting on "dkronjob.my-job"
2019/03/08 08:10:25 [TRACE] dag/walk: dependencies changed for "root", sending new deps
2019/03/08 08:10:25 [TRACE] dag/walk: dependencies changed for "dkronjob.my-job", sending new deps
2019/03/08 08:10:25 [TRACE] dag/walk: dependencies changed for "meta.count-boundary (count boundary fixup)", sending new deps
2019/03/08 08:10:25 [TRACE] dag/walk: dependencies changed for "provider.dkronjob (close)", sending new deps
2019/03/08 08:10:25 [TRACE] dag/walk: walking "provider.dkronjob"
2019/03/08 08:10:25 [TRACE] vertex 'root.provider.dkronjob': walking
2019/03/08 08:10:25 [TRACE] vertex 'root.provider.dkronjob': evaluating
2019/03/08 08:10:25 [TRACE] [walkPlan] Entering eval tree: provider.dkronjob
2019/03/08 08:10:25 [TRACE] root: eval: *terraform.EvalSequence
2019/03/08 08:10:25 [TRACE] root: eval: *terraform.EvalInitProvider
2019/03/08 08:10:25 [TRACE] root: eval: terraform.EvalNoop
2019/03/08 08:10:25 [TRACE] root: eval: terraform.EvalNoop
2019/03/08 08:10:25 [TRACE] root: eval: *terraform.EvalOpFilter
2019/03/08 08:10:25 [TRACE] root: eval: *terraform.EvalSequence
2019/03/08 08:10:25 [TRACE] root: eval: *terraform.EvalGetProvider
2019/03/08 08:10:25 [TRACE] root: eval: *terraform.EvalInterpolateProvider
2019/03/08 08:10:25 [TRACE] root: eval: *terraform.EvalBuildProviderConfig
2019/03/08 08:10:25 [TRACE] root: eval: *terraform.EvalOpFilter
2019/03/08 08:10:25 [TRACE] root: eval: *terraform.EvalSequence
2019/03/08 08:10:25 [TRACE] root: eval: *terraform.EvalConfigProvider
2019/03/08 08:10:25 [TRACE] [walkPlan] Exiting eval tree: provider.dkronjob
2019/03/08 08:10:25 [TRACE] dag/walk: walking "dkronjob.my-job"
2019/03/08 08:10:25 [TRACE] vertex 'root.dkronjob.my-job': walking
2019/03/08 08:10:25 [TRACE] vertex 'root.dkronjob.my-job': evaluating
2019/03/08 08:10:25 [TRACE] [walkPlan] Entering eval tree: dkronjob.my-job
2019/03/08 08:10:25 [TRACE] root: eval: *terraform.EvalSequence
2019/03/08 08:10:25 [TRACE] root: eval: *terraform.EvalInterpolate
2019/03/08 08:10:25 [TRACE] root: eval: *terraform.EvalCountCheckComputed
2019/03/08 08:10:25 [TRACE] root: eval: *terraform.EvalIf
2019/03/08 08:10:25 [TRACE] root: eval: *terraform.EvalCountFixZeroOneBoundary
2019/03/08 08:10:25 [TRACE] [walkPlan] Exiting eval tree: dkronjob.my-job
2019/03/08 08:10:25 [TRACE] vertex 'root.dkronjob.my-job': expanding/walking dynamic subgraph
2019/03/08 08:10:25 [TRACE] Graph after step *terraform.ResourceCountTransformer:

dkronjob.my-job - *terraform.NodePlannableResourceInstance
2019/03/08 08:10:25 [TRACE] OrphanResourceCount: Starting...
2019/03/08 08:10:25 [TRACE] Graph after step *terraform.OrphanResourceCountTransformer:

dkronjob.my-job - *terraform.NodePlannableResourceInstance
2019/03/08 08:10:25 [DEBUG] Resource state not found for "dkronjob.my-job": dkronjob.my-job
2019/03/08 08:10:25 [TRACE] Graph after step *terraform.AttachStateTransformer:

dkronjob.my-job - *terraform.NodePlannableResourceInstance
2019/03/08 08:10:25 [TRACE] Graph after step *terraform.TargetsTransformer:

dkronjob.my-job - *terraform.NodePlannableResourceInstance
2019/03/08 08:10:25 [DEBUG] ReferenceTransformer: "dkronjob.my-job" references: []
2019/03/08 08:10:25 [TRACE] Graph after step *terraform.ReferenceTransformer:

dkronjob.my-job - *terraform.NodePlannableResourceInstance
2019/03/08 08:10:25 [TRACE] Graph after step *terraform.RootTransformer:

dkronjob.my-job - *terraform.NodePlannableResourceInstance
2019/03/08 08:10:25 [TRACE] dag/walk: added new vertex: "dkronjob.my-job"
2019/03/08 08:10:25 [TRACE] dag/walk: walking "dkronjob.my-job"
2019/03/08 08:10:25 [TRACE] vertex 'root.dkronjob.my-job': walking
2019/03/08 08:10:25 [TRACE] vertex 'root.dkronjob.my-job': evaluating
2019/03/08 08:10:25 [TRACE] [walkPlan] Entering eval tree: dkronjob.my-job
2019/03/08 08:10:25 [TRACE] root: eval: *terraform.EvalSequence
2019/03/08 08:10:25 [TRACE] root: eval: *terraform.EvalInterpolate
2019/03/08 08:10:25 [TRACE] root: eval: *terraform.EvalGetProvider
2019/03/08 08:10:25 [TRACE] root: eval: *terraform.EvalValidateResource
2019/03/08 08:10:25 [TRACE] root: eval: *terraform.EvalReadState
2019/03/08 08:10:25 [TRACE] root: eval: *terraform.EvalDiff
2019/03/08 08:10:25 [TRACE] root: eval: *terraform.EvalCheckPreventDestroy
2019/03/08 08:10:25 [TRACE] root: eval: *terraform.EvalWriteState
2019/03/08 08:10:25 [TRACE] root: eval: *terraform.EvalWriteDiff
2019/03/08 08:10:25 [TRACE] [walkPlan] Exiting eval tree: dkronjob.my-job
2019/03/08 08:10:25 [TRACE] dag/walk: walking "meta.count-boundary (count boundary fixup)"
2019/03/08 08:10:25 [TRACE] vertex 'root.meta.count-boundary (count boundary fixup)': walking
2019/03/08 08:10:25 [TRACE] vertex 'root.meta.count-boundary (count boundary fixup)': evaluating
2019/03/08 08:10:25 [TRACE] [walkPlan] Entering eval tree: meta.count-boundary (count boundary fixup)
2019/03/08 08:10:25 [TRACE] root: eval: *terraform.EvalCountFixZeroOneBoundaryGlobal
2019/03/08 08:10:25 [TRACE] [walkPlan] Exiting eval tree: meta.count-boundary (count boundary fixup)
2019/03/08 08:10:25 [TRACE] dag/walk: walking "provider.dkronjob (close)"
2019/03/08 08:10:25 [TRACE] vertex 'root.provider.dkronjob (close)': walking
2019/03/08 08:10:25 [TRACE] vertex 'root.provider.dkronjob (close)': evaluating
2019/03/08 08:10:25 [TRACE] [walkPlan] Entering eval tree: provider.dkronjob (close)
2019/03/08 08:10:25 [TRACE] root: eval: *terraform.EvalCloseProvider
2019/03/08 08:10:25 [TRACE] [walkPlan] Exiting eval tree: provider.dkronjob (close)
2019/03/08 08:10:25 [TRACE] dag/walk: walking "root"
2019/03/08 08:10:25 [TRACE] vertex 'root.root': walking
2019/03/08 08:10:25 [DEBUG] command: asking for input: "Do you want to perform these actions?"
2019/03/08 08:10:26 [INFO] terraform: building graph: GraphTypeApply
2019/03/08 08:10:26 [TRACE] DiffTransformer: starting
2019/03/08 08:10:26 [TRACE] DiffTransformer: Module: CREATE: dkronjob.my-job
  command:     "" => "date"
  disabled:    "" => "false"
  dkron_host:  "" => "http://dkron:8080/v1/jobs"
  executor:    "" => "shell"
  name:        "" => "hola_from_tf"
  owner:       "" => "omar"
  owner_email: "" => "a@a.com"
2019/03/08 08:10:26 [TRACE] DiffTransformer: Resource "dkronjob.my-job": *terraform.InstanceDiff{mu:sync.Mutex{state:0, sema:0x0}, Attributes:map[string]*terraform.ResourceAttrDiff{"owner":*terraform.ResourceAttrDiff{Old:"", New:"omar", NewComputed:false, NewRemoved:false, NewExtra:interface {}(nil), RequiresNew:false, Sensitive:false, Type:0x0}, "owner_email":*terraform.ResourceAttrDiff{Old:"", New:"a@a.com", NewComputed:false, NewRemoved:false, NewExtra:interface {}(nil), RequiresNew:false, Sensitive:false, Type:0x0}, "dkron_host":*terraform.ResourceAttrDiff{Old:"", New:"http://dkron:8080/v1/jobs", NewComputed:false, NewRemoved:false, NewExtra:interface {}(nil), RequiresNew:false, Sensitive:false, Type:0x0}, "id":*terraform.ResourceAttrDiff{Old:"", New:"", NewComputed:true, NewRemoved:false, NewExtra:interface {}(nil), RequiresNew:true, Sensitive:false, Type:0x2}, "executor":*terraform.ResourceAttrDiff{Old:"", New:"shell", NewComputed:false, NewRemoved:false, NewExtra:interface {}(nil), RequiresNew:false, Sensitive:false, Type:0x0}, "command":*terraform.ResourceAttrDiff{Old:"", New:"date", NewComputed:false, NewRemoved:false, NewExtra:interface {}(nil), RequiresNew:false, Sensitive:false, Type:0x0}, "name":*terraform.ResourceAttrDiff{Old:"", New:"hola_from_tf", NewComputed:false, NewRemoved:false, NewExtra:interface {}(nil), RequiresNew:false, Sensitive:false, Type:0x0}, "disabled":*terraform.ResourceAttrDiff{Old:"", New:"false", NewComputed:false, NewRemoved:false, NewExtra:interface {}(nil), RequiresNew:false, Sensitive:false, Type:0x0}}, Destroy:false, DestroyDeposed:false, DestroyTainted:false, Meta:map[string]interface {}(nil)}
2019/03/08 08:10:26 [TRACE] Graph after step *terraform.DiffTransformer:

dkronjob.my-job - *terraform.NodeApplyableResource
2019/03/08 08:10:26 [TRACE] Graph after step *terraform.OrphanOutputTransformer:

dkronjob.my-job - *terraform.NodeApplyableResource
2019/03/08 08:10:26 [TRACE] AttachResourceConfigTransformer: Beginning...
2019/03/08 08:10:26 [TRACE] AttachResourceConfigTransformer: Attach resource config request: dkronjob.my-job
2019/03/08 08:10:26 [TRACE] Attaching resource config: &config.Resource{Mode:0, Name:"my-job", Type:"dkronjob", RawCount:(*config.RawConfig)(0xc0003a7f10), RawConfig:(*config.RawConfig)(0xc0003a7ea0), Provisioners:[]*config.Provisioner(nil), Provider:"", DependsOn:[]string(nil), Lifecycle:config.ResourceLifecycle{CreateBeforeDestroy:false, PreventDestroy:false, IgnoreChanges:[]string(nil)}}
2019/03/08 08:10:26 [TRACE] Graph after step *terraform.AttachResourceConfigTransformer:

dkronjob.my-job - *terraform.NodeApplyableResource
2019/03/08 08:10:26 [DEBUG] Resource state not found for "dkronjob.my-job": dkronjob.my-job
2019/03/08 08:10:26 [TRACE] Graph after step *terraform.AttachStateTransformer:

dkronjob.my-job - *terraform.NodeApplyableResource
2019/03/08 08:10:26 [TRACE] ProviderConfigTransformer: Starting for path: []
2019/03/08 08:10:26 [TRACE] Graph after step *terraform.ProviderConfigTransformer:

dkronjob.my-job - *terraform.NodeApplyableResource
2019/03/08 08:10:26 [DEBUG] adding missing provider: dkronjob
2019/03/08 08:10:26 [TRACE] Graph after step *terraform.MissingProviderTransformer:

dkronjob.my-job - *terraform.NodeApplyableResource
provider.dkronjob - *terraform.NodeApplyableProvider
2019/03/08 08:10:26 [DEBUG] resource dkronjob.my-job using provider provider.dkronjob
2019/03/08 08:10:26 [TRACE] Graph after step *terraform.ProviderTransformer:

dkronjob.my-job - *terraform.NodeApplyableResource
  provider.dkronjob - *terraform.NodeApplyableProvider
provider.dkronjob - *terraform.NodeApplyableProvider
2019/03/08 08:10:26 [TRACE] Graph after step *terraform.PruneProviderTransformer:

dkronjob.my-job - *terraform.NodeApplyableResource
  provider.dkronjob - *terraform.NodeApplyableProvider
provider.dkronjob - *terraform.NodeApplyableProvider
2019/03/08 08:10:26 [TRACE] Graph after step *terraform.ParentProviderTransformer:

dkronjob.my-job - *terraform.NodeApplyableResource
  provider.dkronjob - *terraform.NodeApplyableProvider
provider.dkronjob - *terraform.NodeApplyableProvider
2019/03/08 08:10:26 [TRACE] Graph after step *terraform.graphTransformerMulti:

dkronjob.my-job - *terraform.NodeApplyableResource
  provider.dkronjob - *terraform.NodeApplyableProvider
provider.dkronjob - *terraform.NodeApplyableProvider
2019/03/08 08:10:26 [TRACE] DestroyEdgeTransformer: Beginning destroy edge transformation...
2019/03/08 08:10:26 [TRACE] Graph after step *terraform.DestroyEdgeTransformer:

dkronjob.my-job - *terraform.NodeApplyableResource
  provider.dkronjob - *terraform.NodeApplyableProvider
provider.dkronjob - *terraform.NodeApplyableProvider
2019/03/08 08:10:26 [TRACE] CBDEdgeTransformer: Beginning CBD transformation...
2019/03/08 08:10:26 [TRACE] Graph after step *terraform.CBDEdgeTransformer:

dkronjob.my-job - *terraform.NodeApplyableResource
  provider.dkronjob - *terraform.NodeApplyableProvider
provider.dkronjob - *terraform.NodeApplyableProvider
2019/03/08 08:10:26 [TRACE] Graph after step *terraform.MissingProvisionerTransformer:

dkronjob.my-job - *terraform.NodeApplyableResource
  provider.dkronjob - *terraform.NodeApplyableProvider
provider.dkronjob - *terraform.NodeApplyableProvider
2019/03/08 08:10:26 [TRACE] Graph after step *terraform.ProvisionerTransformer:

dkronjob.my-job - *terraform.NodeApplyableResource
  provider.dkronjob - *terraform.NodeApplyableProvider
provider.dkronjob - *terraform.NodeApplyableProvider
2019/03/08 08:10:26 [TRACE] Graph after step *terraform.RootVariableTransformer:

dkronjob.my-job - *terraform.NodeApplyableResource
  provider.dkronjob - *terraform.NodeApplyableProvider
provider.dkronjob - *terraform.NodeApplyableProvider
2019/03/08 08:10:26 [TRACE] Graph after step *terraform.LocalTransformer:

dkronjob.my-job - *terraform.NodeApplyableResource
  provider.dkronjob - *terraform.NodeApplyableProvider
provider.dkronjob - *terraform.NodeApplyableProvider
2019/03/08 08:10:26 [TRACE] Graph after step *terraform.OutputTransformer:

dkronjob.my-job - *terraform.NodeApplyableResource
  provider.dkronjob - *terraform.NodeApplyableProvider
provider.dkronjob - *terraform.NodeApplyableProvider
2019/03/08 08:10:26 [TRACE] Graph after step *terraform.ModuleVariableTransformer:

dkronjob.my-job - *terraform.NodeApplyableResource
  provider.dkronjob - *terraform.NodeApplyableProvider
provider.dkronjob - *terraform.NodeApplyableProvider
2019/03/08 08:10:26 [TRACE] Graph after step *terraform.RemovedModuleTransformer:

dkronjob.my-job - *terraform.NodeApplyableResource
  provider.dkronjob - *terraform.NodeApplyableProvider
provider.dkronjob - *terraform.NodeApplyableProvider
2019/03/08 08:10:26 [DEBUG] ReferenceTransformer: "provider.dkronjob" references: []
2019/03/08 08:10:26 [DEBUG] ReferenceTransformer: "dkronjob.my-job" references: []
2019/03/08 08:10:26 [TRACE] Graph after step *terraform.ReferenceTransformer:

dkronjob.my-job - *terraform.NodeApplyableResource
  provider.dkronjob - *terraform.NodeApplyableProvider
provider.dkronjob - *terraform.NodeApplyableProvider
2019/03/08 08:10:26 [TRACE] Graph after step *terraform.CountBoundaryTransformer:

dkronjob.my-job - *terraform.NodeApplyableResource
  provider.dkronjob - *terraform.NodeApplyableProvider
meta.count-boundary (count boundary fixup) - *terraform.NodeCountBoundary
  dkronjob.my-job - *terraform.NodeApplyableResource
  provider.dkronjob - *terraform.NodeApplyableProvider
provider.dkronjob - *terraform.NodeApplyableProvider
2019/03/08 08:10:26 [TRACE] Graph after step *terraform.TargetsTransformer:

dkronjob.my-job - *terraform.NodeApplyableResource
  provider.dkronjob - *terraform.NodeApplyableProvider
meta.count-boundary (count boundary fixup) - *terraform.NodeCountBoundary
  dkronjob.my-job - *terraform.NodeApplyableResource
  provider.dkronjob - *terraform.NodeApplyableProvider
provider.dkronjob - *terraform.NodeApplyableProvider
2019/03/08 08:10:26 [TRACE] Graph after step *terraform.CloseProviderTransformer:

dkronjob.my-job - *terraform.NodeApplyableResource
  provider.dkronjob - *terraform.NodeApplyableProvider
meta.count-boundary (count boundary fixup) - *terraform.NodeCountBoundary
  dkronjob.my-job - *terraform.NodeApplyableResource
  provider.dkronjob - *terraform.NodeApplyableProvider
provider.dkronjob - *terraform.NodeApplyableProvider
provider.dkronjob (close) - *terraform.graphNodeCloseProvider
  dkronjob.my-job - *terraform.NodeApplyableResource
  provider.dkronjob - *terraform.NodeApplyableProvider
2019/03/08 08:10:26 [TRACE] Graph after step *terraform.CloseProvisionerTransformer:

dkronjob.my-job - *terraform.NodeApplyableResource
  provider.dkronjob - *terraform.NodeApplyableProvider
meta.count-boundary (count boundary fixup) - *terraform.NodeCountBoundary
  dkronjob.my-job - *terraform.NodeApplyableResource
  provider.dkronjob - *terraform.NodeApplyableProvider
provider.dkronjob - *terraform.NodeApplyableProvider
provider.dkronjob (close) - *terraform.graphNodeCloseProvider
  dkronjob.my-job - *terraform.NodeApplyableResource
  provider.dkronjob - *terraform.NodeApplyableProvider
2019/03/08 08:10:26 [TRACE] Graph after step *terraform.RootTransformer:

dkronjob.my-job - *terraform.NodeApplyableResource
  provider.dkronjob - *terraform.NodeApplyableProvider
meta.count-boundary (count boundary fixup) - *terraform.NodeCountBoundary
  dkronjob.my-job - *terraform.NodeApplyableResource
  provider.dkronjob - *terraform.NodeApplyableProvider
provider.dkronjob - *terraform.NodeApplyableProvider
provider.dkronjob (close) - *terraform.graphNodeCloseProvider
  dkronjob.my-job - *terraform.NodeApplyableResource
  provider.dkronjob - *terraform.NodeApplyableProvider
root - terraform.graphNodeRoot
  meta.count-boundary (count boundary fixup) - *terraform.NodeCountBoundary
  provider.dkronjob (close) - *terraform.graphNodeCloseProvider
2019/03/08 08:10:26 [TRACE] Graph after step *terraform.TransitiveReductionTransformer:

dkronjob.my-job - *terraform.NodeApplyableResource
  provider.dkronjob - *terraform.NodeApplyableProvider
meta.count-boundary (count boundary fixup) - *terraform.NodeCountBoundary
  dkronjob.my-job - *terraform.NodeApplyableResource
provider.dkronjob - *terraform.NodeApplyableProvider
provider.dkronjob (close) - *terraform.graphNodeCloseProvider
  dkronjob.my-job - *terraform.NodeApplyableResource
root - terraform.graphNodeRoot
  meta.count-boundary (count boundary fixup) - *terraform.NodeCountBoundary
  provider.dkronjob (close) - *terraform.graphNodeCloseProvider
2019/03/08 08:10:26 [DEBUG] Starting graph walk: walkApply
2019/03/08 08:10:26 [TRACE] dag/walk: added new vertex: "provider.dkronjob"
2019/03/08 08:10:26 [TRACE] dag/walk: added new vertex: "meta.count-boundary (count boundary fixup)"
2019/03/08 08:10:26 [TRACE] dag/walk: added new vertex: "provider.dkronjob (close)"
2019/03/08 08:10:26 [TRACE] dag/walk: added new vertex: "root"
2019/03/08 08:10:26 [TRACE] dag/walk: added new vertex: "dkronjob.my-job"
2019/03/08 08:10:26 [TRACE] dag/walk: added edge: "dkronjob.my-job" waiting on "provider.dkronjob"
2019/03/08 08:10:26 [TRACE] dag/walk: added edge: "meta.count-boundary (count boundary fixup)" waiting on "dkronjob.my-job"
2019/03/08 08:10:26 [TRACE] dag/walk: added edge: "provider.dkronjob (close)" waiting on "dkronjob.my-job"
2019/03/08 08:10:26 [TRACE] dag/walk: added edge: "root" waiting on "meta.count-boundary (count boundary fixup)"
2019/03/08 08:10:26 [TRACE] dag/walk: added edge: "root" waiting on "provider.dkronjob (close)"
2019/03/08 08:10:26 [TRACE] dag/walk: dependencies changed for "dkronjob.my-job", sending new deps
2019/03/08 08:10:26 [TRACE] dag/walk: dependencies changed for "meta.count-boundary (count boundary fixup)", sending new deps
2019/03/08 08:10:26 [TRACE] dag/walk: dependencies changed for "provider.dkronjob (close)", sending new deps
2019/03/08 08:10:26 [TRACE] dag/walk: dependencies changed for "root", sending new deps
2019/03/08 08:10:26 [TRACE] dag/walk: walking "provider.dkronjob"
2019/03/08 08:10:26 [TRACE] vertex 'root.provider.dkronjob': walking
2019/03/08 08:10:26 [TRACE] vertex 'root.provider.dkronjob': evaluating
2019/03/08 08:10:26 [TRACE] [walkApply] Entering eval tree: provider.dkronjob
2019/03/08 08:10:26 [TRACE] root: eval: *terraform.EvalSequence
2019/03/08 08:10:26 [TRACE] root: eval: *terraform.EvalInitProvider
2019/03/08 08:10:26 [TRACE] root: eval: terraform.EvalNoop
2019/03/08 08:10:26 [TRACE] root: eval: terraform.EvalNoop
2019/03/08 08:10:26 [TRACE] root: eval: *terraform.EvalOpFilter
2019/03/08 08:10:26 [TRACE] root: eval: *terraform.EvalSequence
2019/03/08 08:10:26 [TRACE] root: eval: *terraform.EvalGetProvider
2019/03/08 08:10:26 [TRACE] root: eval: *terraform.EvalInterpolateProvider
2019/03/08 08:10:26 [TRACE] root: eval: *terraform.EvalBuildProviderConfig
2019/03/08 08:10:26 [TRACE] root: eval: *terraform.EvalOpFilter
2019/03/08 08:10:26 [TRACE] root: eval: *terraform.EvalSequence
2019/03/08 08:10:26 [TRACE] root: eval: *terraform.EvalConfigProvider
2019/03/08 08:10:26 [TRACE] [walkApply] Exiting eval tree: provider.dkronjob
2019/03/08 08:10:26 [TRACE] dag/walk: walking "dkronjob.my-job"
2019/03/08 08:10:26 [TRACE] vertex 'root.dkronjob.my-job': walking
2019/03/08 08:10:26 [TRACE] vertex 'root.dkronjob.my-job': evaluating
2019/03/08 08:10:26 [TRACE] [walkApply] Entering eval tree: dkronjob.my-job
2019/03/08 08:10:26 [TRACE] root: eval: *terraform.EvalSequence
2019/03/08 08:10:26 [TRACE] root: eval: *terraform.EvalInstanceInfo
2019/03/08 08:10:26 [TRACE] root: eval: *terraform.EvalReadDiff
2019/03/08 08:10:26 [TRACE] root: eval: *terraform.EvalIf
2019/03/08 08:10:26 [TRACE] root: eval: terraform.EvalNoop
2019/03/08 08:10:26 [TRACE] root: eval: *terraform.EvalIf
2019/03/08 08:10:26 [TRACE] root: eval: *terraform.EvalInterpolate
2019/03/08 08:10:26 [TRACE] root: eval: *terraform.EvalInterpolate
2019/03/08 08:10:26 [TRACE] root: eval: *terraform.EvalGetProvider
2019/03/08 08:10:26 [TRACE] root: eval: *terraform.EvalReadState
2019/03/08 08:10:26 [TRACE] root: eval: *terraform.EvalValidateResource
2019/03/08 08:10:26 [TRACE] root: eval: *terraform.EvalDiff
2019/03/08 08:10:26 [TRACE] root: eval: *terraform.EvalReadDiff
2019/03/08 08:10:26 [TRACE] root: eval: *terraform.EvalCompareDiff
2019/03/08 08:10:26 [TRACE] root: eval: *terraform.EvalGetProvider
2019/03/08 08:10:26 [TRACE] root: eval: *terraform.EvalReadState
2019/03/08 08:10:26 [TRACE] root: eval: *terraform.EvalApplyPre
2019/03/08 08:10:26 [TRACE] root: eval: *terraform.EvalApply
2019/03/08 08:10:26 [DEBUG] apply: dkronjob.my-job: executing Apply
2019-03-08T08:10:26.808Z [DEBUG] plugin.terraform-provider-dkronjob: panic: interface conversion: interface {} is nil, not string
2019-03-08T08:10:26.808Z [DEBUG] plugin.terraform-provider-dkronjob: 
2019-03-08T08:10:26.808Z [DEBUG] plugin.terraform-provider-dkronjob: goroutine 42 [running]:
2019-03-08T08:10:26.808Z [DEBUG] plugin.terraform-provider-dkronjob: main.resourceDkronJobCreate(0xc000419b90, 0x0, 0x0, 0x24, 0x1910280)
2019-03-08T08:10:26.808Z [DEBUG] plugin.terraform-provider-dkronjob: 	/go/src/github.com/coolomina/terraform_plugin_dkronjob/src/resource_server.go:131 +0x6e2
2019-03-08T08:10:26.808Z [DEBUG] plugin.terraform-provider-dkronjob: github.com/coolomina/terraform_plugin_dkronjob/vendor/github.com/hashicorp/terraform/helper/schema.(*Resource).Apply(0xc000461490, 0xc0003ee500, 0xc00000dd40, 0x0, 0x0, 0x40d701, 0xc000477b80, 0x4c469c)
2019-03-08T08:10:26.808Z [DEBUG] plugin.terraform-provider-dkronjob: 	/go/src/github.com/coolomina/terraform_plugin_dkronjob/vendor/github.com/hashicorp/terraform/helper/schema/resource.go:225 +0x351
2019-03-08T08:10:26.808Z [DEBUG] plugin.terraform-provider-dkronjob: github.com/coolomina/terraform_plugin_dkronjob/vendor/github.com/hashicorp/terraform/helper/schema.(*Provider).Apply(0xc000461500, 0xc0003ee4b0, 0xc0003ee500, 0xc00000dd40, 0xc000054700, 0x18, 0x7fce23980000)
2019-03-08T08:10:26.808Z [DEBUG] plugin.terraform-provider-dkronjob: 	/go/src/github.com/coolomina/terraform_plugin_dkronjob/vendor/github.com/hashicorp/terraform/helper/schema/provider.go:283 +0x9c
2019-03-08T08:10:26.808Z [DEBUG] plugin.terraform-provider-dkronjob: github.com/coolomina/terraform_plugin_dkronjob/vendor/github.com/hashicorp/terraform/plugin.(*ResourceProviderServer).Apply(0xc000482340, 0xc00000d920, 0xc00047b280, 0x0, 0x0)
2019-03-08T08:10:26.808Z [DEBUG] plugin.terraform-provider-dkronjob: 	/go/src/github.com/coolomina/terraform_plugin_dkronjob/vendor/github.com/hashicorp/terraform/plugin/resource_provider.go:527 +0x57
2019-03-08T08:10:26.808Z [DEBUG] plugin.terraform-provider-dkronjob: reflect.Value.call(0xc00007ad20, 0xc00000e7e0, 0x13, 0xf552a6, 0x4, 0xc000477f18, 0x3, 0x3, 0xc000076540, 0x415147, ...)
2019-03-08T08:10:26.808Z [DEBUG] plugin.terraform-provider-dkronjob: 	/usr/local/go/src/reflect/value.go:447 +0x449
2019-03-08T08:10:26.808Z [DEBUG] plugin.terraform-provider-dkronjob: reflect.Value.Call(0xc00007ad20, 0xc00000e7e0, 0x13, 0xc000427718, 0x3, 0x3, 0x12a05f200, 0xc000427710, 0xc0004277b8)
2019-03-08T08:10:26.808Z [DEBUG] plugin.terraform-provider-dkronjob: 	/usr/local/go/src/reflect/value.go:308 +0xa4
2019-03-08T08:10:26.808Z [DEBUG] plugin.terraform-provider-dkronjob: net/rpc.(*service).call(0xc000077800, 0xc0003ee460, 0xc000036950, 0xc000036960, 0xc000159a00, 0xc000482800, 0xd7ddc0, 0xc00000d920, 0x16, 0xd7de00, ...)
2019-03-08T08:10:26.808Z [DEBUG] plugin.terraform-provider-dkronjob: 	/usr/local/go/src/net/rpc/server.go:384 +0x14e
2019-03-08T08:10:26.808Z [DEBUG] plugin.terraform-provider-dkronjob: created by net/rpc.(*Server).ServeCodec
2019-03-08T08:10:26.808Z [DEBUG] plugin.terraform-provider-dkronjob: 	/usr/local/go/src/net/rpc/server.go:481 +0x47e
2019/03/08 08:10:26 [TRACE] root: eval: *terraform.EvalWriteState
2019/03/08 08:10:26 [TRACE] root: eval: *terraform.EvalApplyProvisioners
2019/03/08 08:10:26 [TRACE] root: eval: *terraform.EvalIf
2019/03/08 08:10:26 [TRACE] root: eval: *terraform.EvalWriteState
2019/03/08 08:10:26 [TRACE] root: eval: *terraform.EvalWriteDiff
2019-03-08T08:10:26.811Z [DEBUG] plugin: plugin process exited: path=/go/src/github.com/coolomina/terraform_plugin_dkronjob/terraform/plugins/terraform-provider-dkronjob
2019/03/08 08:10:26 [TRACE] root: eval: *terraform.EvalApplyPost
2019/03/08 08:10:26 [ERROR] root: eval: *terraform.EvalApplyPost, err: 1 error(s) occurred:

* dkronjob.my-job: unexpected EOF
2019/03/08 08:10:26 [ERROR] root: eval: *terraform.EvalSequence, err: 1 error(s) occurred:

* dkronjob.my-job: unexpected EOF
2019/03/08 08:10:26 [TRACE] [walkApply] Exiting eval tree: dkronjob.my-job
2019/03/08 08:10:26 [TRACE] dag/walk: upstream errored, not walking "meta.count-boundary (count boundary fixup)"
2019/03/08 08:10:26 [TRACE] dag/walk: upstream errored, not walking "provider.dkronjob (close)"
2019/03/08 08:10:26 [TRACE] dag/walk: upstream errored, not walking "root"
2019/03/08 08:10:26 [TRACE] Preserving existing state lineage "c30b340c-7381-679d-6cba-0667ecaaf7ad"
2019/03/08 08:10:26 [TRACE] Preserving existing state lineage "c30b340c-7381-679d-6cba-0667ecaaf7ad"
2019/03/08 08:10:26 [TRACE] Preserving existing state lineage "c30b340c-7381-679d-6cba-0667ecaaf7ad"
2019/03/08 08:10:26 [TRACE] Preserving existing state lineage "c30b340c-7381-679d-6cba-0667ecaaf7ad"
2019/03/08 08:10:26 [DEBUG] plugin: waiting for all plugin processes to complete...
2019-03-08T08:10:26.817Z [WARN ] plugin: error closing client during Kill: err="connection is shut down"
